<?xml version="1.0" encoding="UTF-8"?>
<!-- Generated by org.testng.reporters.JUnitReportReporter -->
<testsuite hostname="SURAJ" failures="0" tests="1" name="seleniumGrid.SeleniumGridTest_Firefox" time="5.807" errors="0" timestamp="2023-12-31T18:10:58 IST" skipped="0">
  <testcase classname="seleniumGrid.SeleniumGridTest_Firefox" name="testExample" time="5.807"/>
</testsuite> <!-- seleniumGrid.SeleniumGridTest_Firefox -->
