<?xml version="1.0" encoding="UTF-8"?>
<!-- Generated by org.testng.reporters.JUnitReportReporter -->
<testsuite hostname="SURAJ" failures="0" tests="1" name="gridSetup.SeleniumGridTest_Edge" time="0.000" errors="0" timestamp="2023-12-31T17:34:59 IST" skipped="1">
  <testcase classname="gridSetup.SeleniumGridTest_Edge" name="testExample" time="0.000">
    <skipped/>
  </testcase> <!-- testExample -->
</testsuite> <!-- gridSetup.SeleniumGridTest_Edge -->
