<?xml version="1.0" encoding="UTF-8"?>
<!-- Generated by org.testng.reporters.JUnitReportReporter -->
<testsuite hostname="SURAJ" failures="0" tests="1" name="seleniumGrid.SeleniumGridTest_Chrome" time="7.356" errors="0" timestamp="2023-12-31T18:10:58 IST" skipped="0">
  <testcase classname="seleniumGrid.SeleniumGridTest_Chrome" name="testExample" time="7.356"/>
</testsuite> <!-- seleniumGrid.SeleniumGridTest_Chrome -->
