<?xml version="1.0" encoding="UTF-8"?>
<!-- Generated by org.testng.reporters.JUnitReportReporter -->
<testsuite hostname="SURAJ" failures="0" tests="1" name="gridSetup.SeleniumGridTest" time="2.498" errors="0" timestamp="2023-12-31T09:44:03 IST" skipped="0">
  <testcase classname="gridSetup.SeleniumGridTest" name="testExample" time="2.498"/>
</testsuite> <!-- gridSetup.SeleniumGridTest -->
