<?xml version="1.0" encoding="UTF-8"?>
<!-- Generated by org.testng.reporters.JUnitReportReporter -->
<testsuite hostname="SURAJ" failures="0" tests="1" name="gridSetup.SeleniumGridTest" time="1.211" errors="0" timestamp="2023-12-30T15:07:32 IST" skipped="0">
  <testcase classname="gridSetup.SeleniumGridTest" name="testExample" time="1.211"/>
</testsuite> <!-- gridSetup.SeleniumGridTest -->
