<?xml version="1.0" encoding="UTF-8"?>
<!-- Generated by org.testng.reporters.JUnitReportReporter -->
<testsuite hostname="SURAJ" failures="0" tests="1" name="gridSetup.SeleniumGridTest_Chrome" time="3.719" errors="0" timestamp="2023-12-31T17:40:56 IST" skipped="0">
  <testcase classname="gridSetup.SeleniumGridTest_Chrome" name="testExample" time="3.719"/>
</testsuite> <!-- gridSetup.SeleniumGridTest_Chrome -->
