<?xml version="1.0" encoding="UTF-8"?>
<!-- Generated by org.testng.reporters.JUnitReportReporter -->
<testsuite hostname="SURAJ" failures="0" tests="1" name="seleniumGrid.SeleniumGridTest_Edge" time="6.460" errors="0" timestamp="2023-12-31T18:10:58 IST" skipped="0">
  <testcase classname="seleniumGrid.SeleniumGridTest_Edge" name="testExample" time="6.460"/>
</testsuite> <!-- seleniumGrid.SeleniumGridTest_Edge -->
